<?xml version="1.0" encoding="UTF-8"?>
<!-- Generated by org.testng.reporters.JUnitXMLReporter -->
<testsuite ignored="0" hostname="Ankit" failures="0" tests="13" name="Account page Test" time="12.006" errors="0" timestamp="2024-11-03T16:38:42 IST">
  <testcase classname="com.qa.opencart.tests.AccountPageTest" name="AccountpagHeaderTest" time="0.085"/>
  <testcase classname="com.qa.opencart.tests.AccountPageTest" name="accountPageHearderCountTest" time="0.053"/>
  <testcase classname="com.qa.opencart.tests.AccountPageTest" name="accountPageTiltleTest" time="0.017"/>
  <testcase classname="com.qa.opencart.tests.AccountPageTest" name="isLogoutLinkExistsTest" time="0.032"/>
  <testcase classname="com.qa.opencart.tests.AccountPageTest" name="searchCountTest" time="0.545"/>
  <testcase classname="com.qa.opencart.tests.AccountPageTest" name="searchCountTest" time="0.406"/>
  <testcase classname="com.qa.opencart.tests.AccountPageTest" name="searchCountTest" time="0.384"/>
  <testcase classname="com.qa.opencart.tests.AccountPageTest" name="searchTest" time="0.889"/>
  <testcase classname="com.qa.opencart.tests.AccountPageTest" name="searchTest" time="0.795"/>
  <testcase classname="com.qa.opencart.tests.AccountPageTest" name="searchTest" time="0.806"/>
  <testcase classname="com.qa.opencart.tests.AccountPageTest" name="searchTest" time="0.761"/>
  <testcase classname="com.qa.opencart.tests.AccountPageTest" name="searchTest" time="0.886"/>
  <testcase classname="com.qa.opencart.tests.AccountPageTest" name="searchTest" time="0.815"/>
</testsuite> <!-- Account page Test -->
