<?xml version="1.0" encoding="UTF-8"?>
<!-- Generated by org.testng.reporters.JUnitXMLReporter -->
<testsuite ignored="0" hostname="Ankit" failures="0" tests="13" name="Default test" time="13.927" errors="0" timestamp="2024-11-03T15:08:42 IST">
  <testcase classname="com.qa.opencart.tests.AccountPageTest" name="AccountpagHeaderTest" time="0.187"/>
  <testcase classname="com.qa.opencart.tests.AccountPageTest" name="accountPageHearderCountTest" time="0.074"/>
  <testcase classname="com.qa.opencart.tests.AccountPageTest" name="accountPageTiltleTest" time="0.022"/>
  <testcase classname="com.qa.opencart.tests.AccountPageTest" name="isLogoutLinkExistsTest" time="0.045"/>
  <testcase classname="com.qa.opencart.tests.AccountPageTest" name="searchCountTest" time="0.575"/>
  <testcase classname="com.qa.opencart.tests.AccountPageTest" name="searchCountTest" time="0.463"/>
  <testcase classname="com.qa.opencart.tests.AccountPageTest" name="searchCountTest" time="0.623"/>
  <testcase classname="com.qa.opencart.tests.AccountPageTest" name="searchTest" time="1.906"/>
  <testcase classname="com.qa.opencart.tests.AccountPageTest" name="searchTest" time="1.046"/>
  <testcase classname="com.qa.opencart.tests.AccountPageTest" name="searchTest" time="1.121"/>
  <testcase classname="com.qa.opencart.tests.AccountPageTest" name="searchTest" time="1.176"/>
  <testcase classname="com.qa.opencart.tests.AccountPageTest" name="searchTest" time="1.285"/>
  <testcase classname="com.qa.opencart.tests.AccountPageTest" name="searchTest" time="1.417"/>
</testsuite> <!-- Default test -->
